[   10904ms] [WARNING] [JavaScript Warning: "The resource at “http://localhost:3000/_next/static/media/36966cca54120369-s.p.woff2” preloaded with link preload was not used within a few seconds. Make sure all attributes of the preload tag are set correctly." {file: "http://localhost:3000/login" line: 0}] @ http://localhost:3000/login:0
[   42414ms] [WARNING] 04:57:21.200 Ably: Auth.requestToken(): Expected token request callback to call back with a token string, token request object, or token details object @ webpack-internal:///(app-pages-browser)/./node_modules/ably/build/ably.js:117
[   55545ms] [WARNING] 04:57:34.332 Ably: Auth.requestToken(): Expected token request callback to call back with a token string, token request object, or token details object @ webpack-internal:///(app-pages-browser)/./node_modules/ably/build/ably.js:117
[   63406ms] [ERROR] `DialogContent` requires a `DialogTitle` for the component to be accessible for screen reader users.

If you want to hide the `DialogTitle`, you can wrap it with our VisuallyHidden component.

For more information, see https://radix-ui.com/primitives/docs/components/dialog @ webpack-internal:///(app-pages-browser)/./node_modules/next/dist/client/app-index.js:32
[   63408ms] [WARNING] Warning: Missing `Description` or `aria-describedby={undefined}` for {DialogContent}. @ webpack-internal:///(app-pages-browser)/./node_modules/@radix-ui/react-dialog/dist/index.mjs:467
[   63410ms] [ERROR] `DialogContent` requires a `DialogTitle` for the component to be accessible for screen reader users.

If you want to hide the `DialogTitle`, you can wrap it with our VisuallyHidden component.

For more information, see https://radix-ui.com/primitives/docs/components/dialog @ webpack-internal:///(app-pages-browser)/./node_modules/next/dist/client/app-index.js:32
[   63411ms] [WARNING] Warning: Missing `Description` or `aria-describedby={undefined}` for {DialogContent}. @ webpack-internal:///(app-pages-browser)/./node_modules/@radix-ui/react-dialog/dist/index.mjs:467
[   72847ms] [WARNING] 04:57:51.634 Ably: Auth.requestToken(): Expected token request callback to call back with a token string, token request object, or token details object @ webpack-internal:///(app-pages-browser)/./node_modules/ably/build/ably.js:117
[   96697ms] [WARNING] 04:58:15.484 Ably: Auth.requestToken(): Expected token request callback to call back with a token string, token request object, or token details object @ webpack-internal:///(app-pages-browser)/./node_modules/ably/build/ably.js:117
[  122047ms] [WARNING] 04:58:40.834 Ably: Auth.requestToken(): Expected token request callback to call back with a token string, token request object, or token details object @ webpack-internal:///(app-pages-browser)/./node_modules/ably/build/ably.js:117
[  151555ms] [WARNING] 04:59:10.342 Ably: Auth.requestToken(): Expected token request callback to call back with a token string, token request object, or token details object @ webpack-internal:///(app-pages-browser)/./node_modules/ably/build/ably.js:117
[  162352ms] [ERROR] [realtime] inbox subscription failed: Connection to server unavailable @ webpack-internal:///(app-pages-browser)/./node_modules/next/dist/client/app-index.js:32
[  192388ms] [WARNING] 04:59:51.176 Ably: Auth.requestToken(): Expected token request callback to call back with a token string, token request object, or token details object @ webpack-internal:///(app-pages-browser)/./node_modules/ably/build/ably.js:117
[  222425ms] [WARNING] 05:00:21.212 Ably: Auth.requestToken(): Expected token request callback to call back with a token string, token request object, or token details object @ webpack-internal:///(app-pages-browser)/./node_modules/ably/build/ably.js:117
[  252468ms] [WARNING] 05:00:51.256 Ably: Auth.requestToken(): Expected token request callback to call back with a token string, token request object, or token details object @ webpack-internal:///(app-pages-browser)/./node_modules/ably/build/ably.js:117
[  282513ms] [WARNING] 05:01:21.300 Ably: Auth.requestToken(): Expected token request callback to call back with a token string, token request object, or token details object @ webpack-internal:///(app-pages-browser)/./node_modules/ably/build/ably.js:117
[  312558ms] [WARNING] 05:01:51.346 Ably: Auth.requestToken(): Expected token request callback to call back with a token string, token request object, or token details object @ webpack-internal:///(app-pages-browser)/./node_modules/ably/build/ably.js:117
[  342605ms] [WARNING] 05:02:21.392 Ably: Auth.requestToken(): Expected token request callback to call back with a token string, token request object, or token details object @ webpack-internal:///(app-pages-browser)/./node_modules/ably/build/ably.js:117
[  372638ms] [WARNING] 05:02:51.426 Ably: Auth.requestToken(): Expected token request callback to call back with a token string, token request object, or token details object @ webpack-internal:///(app-pages-browser)/./node_modules/ably/build/ably.js:117
[  402679ms] [WARNING] 05:03:21.466 Ably: Auth.requestToken(): Expected token request callback to call back with a token string, token request object, or token details object @ webpack-internal:///(app-pages-browser)/./node_modules/ably/build/ably.js:117
[  432720ms] [WARNING] 05:03:51.507 Ably: Auth.requestToken(): Expected token request callback to call back with a token string, token request object, or token details object @ webpack-internal:///(app-pages-browser)/./node_modules/ably/build/ably.js:117
[  462785ms] [WARNING] 05:04:21.573 Ably: Auth.requestToken(): Expected token request callback to call back with a token string, token request object, or token details object @ webpack-internal:///(app-pages-browser)/./node_modules/ably/build/ably.js:117
[  492823ms] [WARNING] 05:04:51.610 Ably: Auth.requestToken(): Expected token request callback to call back with a token string, token request object, or token details object @ webpack-internal:///(app-pages-browser)/./node_modules/ably/build/ably.js:117
[  522859ms] [WARNING] 05:05:21.646 Ably: Auth.requestToken(): Expected token request callback to call back with a token string, token request object, or token details object @ webpack-internal:///(app-pages-browser)/./node_modules/ably/build/ably.js:117
[  552909ms] [WARNING] 05:05:51.696 Ably: Auth.requestToken(): Expected token request callback to call back with a token string, token request object, or token details object @ webpack-internal:///(app-pages-browser)/./node_modules/ably/build/ably.js:117
[  582973ms] [WARNING] 05:06:21.759 Ably: Auth.requestToken(): Expected token request callback to call back with a token string, token request object, or token details object @ webpack-internal:///(app-pages-browser)/./node_modules/ably/build/ably.js:117
[  612478ms] [ERROR] `DialogContent` requires a `DialogTitle` for the component to be accessible for screen reader users.

If you want to hide the `DialogTitle`, you can wrap it with our VisuallyHidden component.

For more information, see https://radix-ui.com/primitives/docs/components/dialog @ webpack-internal:///(app-pages-browser)/./node_modules/next/dist/client/app-index.js:32
[  612480ms] [WARNING] Warning: Missing `Description` or `aria-describedby={undefined}` for {DialogContent}. @ webpack-internal:///(app-pages-browser)/./node_modules/@radix-ui/react-dialog/dist/index.mjs:467
[  612480ms] [ERROR] `DialogContent` requires a `DialogTitle` for the component to be accessible for screen reader users.

If you want to hide the `DialogTitle`, you can wrap it with our VisuallyHidden component.

For more information, see https://radix-ui.com/primitives/docs/components/dialog @ webpack-internal:///(app-pages-browser)/./node_modules/next/dist/client/app-index.js:32
[  612480ms] [WARNING] Warning: Missing `Description` or `aria-describedby={undefined}` for {DialogContent}. @ webpack-internal:///(app-pages-browser)/./node_modules/@radix-ui/react-dialog/dist/index.mjs:467
[  614602ms] [WARNING] 05:06:53.385 Ably: Auth.requestToken(): Expected token request callback to call back with a token string, token request object, or token details object @ webpack-internal:///(app-pages-browser)/./node_modules/ably/build/ably.js:117
[  644655ms] [WARNING] 05:07:23.443 Ably: Auth.requestToken(): Expected token request callback to call back with a token string, token request object, or token details object @ webpack-internal:///(app-pages-browser)/./node_modules/ably/build/ably.js:117
[  674703ms] [WARNING] 05:07:53.491 Ably: Auth.requestToken(): Expected token request callback to call back with a token string, token request object, or token details object @ webpack-internal:///(app-pages-browser)/./node_modules/ably/build/ably.js:117
[  704822ms] [WARNING] 05:08:23.610 Ably: Auth.requestToken(): Expected token request callback to call back with a token string, token request object, or token details object @ webpack-internal:///(app-pages-browser)/./node_modules/ably/build/ably.js:117
[  734871ms] [WARNING] 05:08:53.659 Ably: Auth.requestToken(): Expected token request callback to call back with a token string, token request object, or token details object @ webpack-internal:///(app-pages-browser)/./node_modules/ably/build/ably.js:117
[  764919ms] [WARNING] 05:09:23.706 Ably: Auth.requestToken(): Expected token request callback to call back with a token string, token request object, or token details object @ webpack-internal:///(app-pages-browser)/./node_modules/ably/build/ably.js:117
[  797637ms] [WARNING] 05:09:56.422 Ably: Auth.requestToken(): Expected token request callback to call back with a token string, token request object, or token details object @ webpack-internal:///(app-pages-browser)/./node_modules/ably/build/ably.js:117
[  806574ms] [WARNING] [JavaScript Warning: "The resource at “http://localhost:3000/_next/static/media/36966cca54120369-s.p.woff2” preloaded with link preload was not used within a few seconds. Make sure all attributes of the preload tag are set correctly." {file: "http://localhost:3000/inbox" line: 0}] @ http://localhost:3000/inbox:0
[  809832ms] [WARNING] 05:10:08.619 Ably: Auth.requestToken(): Expected token request callback to call back with a token string, token request object, or token details object @ webpack-internal:///(app-pages-browser)/./node_modules/ably/build/ably.js:117
[  827009ms] [WARNING] 05:10:25.796 Ably: Auth.requestToken(): Expected token request callback to call back with a token string, token request object, or token details object @ webpack-internal:///(app-pages-browser)/./node_modules/ably/build/ably.js:117
[  849577ms] [WARNING] 05:10:48.365 Ably: Auth.requestToken(): Expected token request callback to call back with a token string, token request object, or token details object @ webpack-internal:///(app-pages-browser)/./node_modules/ably/build/ably.js:117
[  877982ms] [WARNING] 05:11:16.769 Ably: Auth.requestToken(): Expected token request callback to call back with a token string, token request object, or token details object @ webpack-internal:///(app-pages-browser)/./node_modules/ably/build/ably.js:117
[  902459ms] [WARNING] 05:11:41.246 Ably: Auth.requestToken(): Expected token request callback to call back with a token string, token request object, or token details object @ webpack-internal:///(app-pages-browser)/./node_modules/ably/build/ably.js:117
[  917541ms] [ERROR] [realtime] inbox subscription failed: Connection to server unavailable @ webpack-internal:///(app-pages-browser)/./node_modules/next/dist/client/app-index.js:32
[  947630ms] [WARNING] 05:12:26.414 Ably: Auth.requestToken(): Expected token request callback to call back with a token string, token request object, or token details object @ webpack-internal:///(app-pages-browser)/./node_modules/ably/build/ably.js:117
[  977662ms] [WARNING] 05:12:56.450 Ably: Auth.requestToken(): Expected token request callback to call back with a token string, token request object, or token details object @ webpack-internal:///(app-pages-browser)/./node_modules/ably/build/ably.js:117
[ 1007698ms] [WARNING] 05:13:26.485 Ably: Auth.requestToken(): Expected token request callback to call back with a token string, token request object, or token details object @ webpack-internal:///(app-pages-browser)/./node_modules/ably/build/ably.js:117
[ 1037742ms] [WARNING] 05:13:56.527 Ably: Auth.requestToken(): Expected token request callback to call back with a token string, token request object, or token details object @ webpack-internal:///(app-pages-browser)/./node_modules/ably/build/ably.js:117
[ 1067787ms] [WARNING] 05:14:26.575 Ably: Auth.requestToken(): Expected token request callback to call back with a token string, token request object, or token details object @ webpack-internal:///(app-pages-browser)/./node_modules/ably/build/ably.js:117
[ 1097841ms] [WARNING] 05:14:56.628 Ably: Auth.requestToken(): Expected token request callback to call back with a token string, token request object, or token details object @ webpack-internal:///(app-pages-browser)/./node_modules/ably/build/ably.js:117
[ 1127890ms] [WARNING] 05:15:26.678 Ably: Auth.requestToken(): Expected token request callback to call back with a token string, token request object, or token details object @ webpack-internal:///(app-pages-browser)/./node_modules/ably/build/ably.js:117
[ 1778034ms] [WARNING] 05:26:16.818 Ably: Auth.requestToken(): Expected token request callback to call back with a token string, token request object, or token details object @ webpack-internal:///(app-pages-browser)/./node_modules/ably/build/ably.js:117
[ 1781645ms] [ERROR] [realtime] inbox subscription failed: Connection closed @ webpack-internal:///(app-pages-browser)/./node_modules/next/dist/client/app-index.js:32
[ 1781707ms] [ERROR] Failed to fetch RSC payload for http://localhost:3000/inbox. Falling back to browser navigation. Error @ webpack-internal:///(app-pages-browser)/./node_modules/next/dist/client/app-index.js:32
[ 1784741ms] [WARNING] 05:26:23.525 Ably: Auth.requestToken(): Expected token request callback to call back with a token string, token request object, or token details object @ webpack-internal:///(app-pages-browser)/./node_modules/ably/build/ably.js:117
[ 1793142ms] [WARNING] [JavaScript Warning: "The resource at “http://localhost:3000/_next/static/media/36966cca54120369-s.p.woff2” preloaded with link preload was not used within a few seconds. Make sure all attributes of the preload tag are set correctly." {file: "http://localhost:3000/inbox" line: 0}] @ http://localhost:3000/inbox:0
[ 1797455ms] [WARNING] 05:26:36.242 Ably: Auth.requestToken(): Expected token request callback to call back with a token string, token request object, or token details object @ webpack-internal:///(app-pages-browser)/./node_modules/ably/build/ably.js:117
[ 1817096ms] [WARNING] 05:26:55.883 Ably: Auth.requestToken(): token request signing call returned error; err = [_PartialErrorInfo: Error response received from server: 404 body was: "\n              <pre>missing required error components, refreshing...</pre>\n              <script>\n                async function check() {\n                  const res = await fetch(location.href).catch(() => ({}))\n\n                  if (res.status === 200) {\n                    location.reload()\n                  } else {\n                    setTimeout(check, 1000)\n                  }\n                }\n                check()\n              </script>"; statusCode=404] @ webpack-internal:///(app-pages-browser)/./node_modules/ably/build/ably.js:117
[ 1842061ms] [WARNING] 05:27:20.848 Ably: Auth.requestToken(): Expected token request callback to call back with a token string, token request object, or token details object @ webpack-internal:///(app-pages-browser)/./node_modules/ably/build/ably.js:117
