[     376ms] Error: Minified React error #418; visit https://react.dev/errors/418 for the full message or use the non-minified dev environment for full errors and additional helpful warnings.
    at t5 (http://localhost:3100/_next/static/chunks/fd9d1056-9abfb49807193c16.js:1:24670)
    at iZ (http://localhost:3100/_next/static/chunks/fd9d1056-9abfb49807193c16.js:1:120535)
    at ia (http://localhost:3100/_next/static/chunks/fd9d1056-9abfb49807193c16.js:1:95162)
    at http://localhost:3100/_next/static/chunks/fd9d1056-9abfb49807193c16.js:1:91088
    at http://localhost:3100/_next/static/chunks/fd9d1056-9abfb49807193c16.js:1:91095
    at oZ (http://localhost:3100/_next/static/chunks/fd9d1056-9abfb49807193c16.js:1:91200)
    at MessagePort.T (http://localhost:3100/_next/static/chunks/117-a06661dd5ab18210.js:1:83990)
[     382ms] Error: Minified React error #418; visit https://react.dev/errors/418 for the full message or use the non-minified dev environment for full errors and additional helpful warnings.
    at t5 (http://localhost:3100/_next/static/chunks/fd9d1056-9abfb49807193c16.js:1:24670)
    at iZ (http://localhost:3100/_next/static/chunks/fd9d1056-9abfb49807193c16.js:1:120535)
    at ia (http://localhost:3100/_next/static/chunks/fd9d1056-9abfb49807193c16.js:1:95162)
    at http://localhost:3100/_next/static/chunks/fd9d1056-9abfb49807193c16.js:1:91088
    at http://localhost:3100/_next/static/chunks/fd9d1056-9abfb49807193c16.js:1:91095
    at oZ (http://localhost:3100/_next/static/chunks/fd9d1056-9abfb49807193c16.js:1:91200)
    at MessagePort.T (http://localhost:3100/_next/static/chunks/117-a06661dd5ab18210.js:1:83990)
[     383ms] Error: Minified React error #418; visit https://react.dev/errors/418 for the full message or use the non-minified dev environment for full errors and additional helpful warnings.
    at t5 (http://localhost:3100/_next/static/chunks/fd9d1056-9abfb49807193c16.js:1:24670)
    at iZ (http://localhost:3100/_next/static/chunks/fd9d1056-9abfb49807193c16.js:1:120535)
    at ia (http://localhost:3100/_next/static/chunks/fd9d1056-9abfb49807193c16.js:1:95162)
    at http://localhost:3100/_next/static/chunks/fd9d1056-9abfb49807193c16.js:1:91088
    at http://localhost:3100/_next/static/chunks/fd9d1056-9abfb49807193c16.js:1:91095
    at oZ (http://localhost:3100/_next/static/chunks/fd9d1056-9abfb49807193c16.js:1:91200)
    at MessagePort.T (http://localhost:3100/_next/static/chunks/117-a06661dd5ab18210.js:1:83990)
[     384ms] Error: Minified React error #423; visit https://react.dev/errors/423 for the full message or use the non-minified dev environment for full errors and additional helpful warnings.
    at iZ (http://localhost:3100/_next/static/chunks/fd9d1056-9abfb49807193c16.js:1:118349)
    at ia (http://localhost:3100/_next/static/chunks/fd9d1056-9abfb49807193c16.js:1:95162)
    at http://localhost:3100/_next/static/chunks/fd9d1056-9abfb49807193c16.js:1:94984
    at il (http://localhost:3100/_next/static/chunks/fd9d1056-9abfb49807193c16.js:1:94991)
    at oJ (http://localhost:3100/_next/static/chunks/fd9d1056-9abfb49807193c16.js:1:92347)
    at oZ (http://localhost:3100/_next/static/chunks/fd9d1056-9abfb49807193c16.js:1:91766)
    at MessagePort.T (http://localhost:3100/_next/static/chunks/117-a06661dd5ab18210.js:1:83990)
[     469ms] [ERROR] Failed to load resource: the server responded with a status of 404 (Not Found) @ http://localhost:3100/favicon.ico:0
[    1744ms] Error: Minified React error #418; visit https://react.dev/errors/418 for the full message or use the non-minified dev environment for full errors and additional helpful warnings.
    at t5 (http://localhost:3100/_next/static/chunks/fd9d1056-9abfb49807193c16.js:1:24670)
    at iZ (http://localhost:3100/_next/static/chunks/fd9d1056-9abfb49807193c16.js:1:120535)
    at ia (http://localhost:3100/_next/static/chunks/fd9d1056-9abfb49807193c16.js:1:95162)
    at http://localhost:3100/_next/static/chunks/fd9d1056-9abfb49807193c16.js:1:91088
    at http://localhost:3100/_next/static/chunks/fd9d1056-9abfb49807193c16.js:1:91095
    at oZ (http://localhost:3100/_next/static/chunks/fd9d1056-9abfb49807193c16.js:1:91200)
    at MessagePort.T (http://localhost:3100/_next/static/chunks/117-a06661dd5ab18210.js:1:83990)
[    1745ms] Error: Minified React error #418; visit https://react.dev/errors/418 for the full message or use the non-minified dev environment for full errors and additional helpful warnings.
    at t5 (http://localhost:3100/_next/static/chunks/fd9d1056-9abfb49807193c16.js:1:24670)
    at iZ (http://localhost:3100/_next/static/chunks/fd9d1056-9abfb49807193c16.js:1:120535)
    at ia (http://localhost:3100/_next/static/chunks/fd9d1056-9abfb49807193c16.js:1:95162)
    at http://localhost:3100/_next/static/chunks/fd9d1056-9abfb49807193c16.js:1:91088
    at http://localhost:3100/_next/static/chunks/fd9d1056-9abfb49807193c16.js:1:91095
    at oZ (http://localhost:3100/_next/static/chunks/fd9d1056-9abfb49807193c16.js:1:91200)
    at MessagePort.T (http://localhost:3100/_next/static/chunks/117-a06661dd5ab18210.js:1:83990)
[    1747ms] Error: Minified React error #418; visit https://react.dev/errors/418 for the full message or use the non-minified dev environment for full errors and additional helpful warnings.
    at t5 (http://localhost:3100/_next/static/chunks/fd9d1056-9abfb49807193c16.js:1:24670)
    at iZ (http://localhost:3100/_next/static/chunks/fd9d1056-9abfb49807193c16.js:1:120535)
    at ia (http://localhost:3100/_next/static/chunks/fd9d1056-9abfb49807193c16.js:1:95162)
    at http://localhost:3100/_next/static/chunks/fd9d1056-9abfb49807193c16.js:1:91088
    at http://localhost:3100/_next/static/chunks/fd9d1056-9abfb49807193c16.js:1:91095
    at oZ (http://localhost:3100/_next/static/chunks/fd9d1056-9abfb49807193c16.js:1:91200)
    at MessagePort.T (http://localhost:3100/_next/static/chunks/117-a06661dd5ab18210.js:1:83990)
[    1748ms] Error: Minified React error #423; visit https://react.dev/errors/423 for the full message or use the non-minified dev environment for full errors and additional helpful warnings.
    at iZ (http://localhost:3100/_next/static/chunks/fd9d1056-9abfb49807193c16.js:1:118349)
    at ia (http://localhost:3100/_next/static/chunks/fd9d1056-9abfb49807193c16.js:1:95162)
    at http://localhost:3100/_next/static/chunks/fd9d1056-9abfb49807193c16.js:1:94984
    at il (http://localhost:3100/_next/static/chunks/fd9d1056-9abfb49807193c16.js:1:94991)
    at oJ (http://localhost:3100/_next/static/chunks/fd9d1056-9abfb49807193c16.js:1:92347)
    at oZ (http://localhost:3100/_next/static/chunks/fd9d1056-9abfb49807193c16.js:1:91766)
    at MessagePort.T (http://localhost:3100/_next/static/chunks/117-a06661dd5ab18210.js:1:83990)
