[POST] http://localhost:3000/api/auth/login => [200] OK
[GET] http://localhost:3000/inbox?_rsc=16djb => [200] OK
[GET] http://localhost:3000/inbox?_rsc=z9qzi => [200] OK
[GET] http://localhost:3000/api/orgs => [200] OK
[GET] http://localhost:3000/api/orgs => [200] OK
[GET] http://localhost:3000/api/conversations?filter=UNASSIGNED&status=OPEN&page=1&limit=20 => [200] OK
[GET] http://localhost:3000/api/realtime/ably/token?orgId=seed_org_alpha&rnd=5327028990151458 => [200] OK
[GET] http://localhost:3000/api/conversations/cmmq0d4gu000wi0gmp8jkmz74 => [200] OK
[GET] http://localhost:3000/api/customers/cmmq0d4fz000ui0gm5eb8aq7o/tags => [200] OK
[GET] http://localhost:3000/api/customers/cmmq0d4fz000ui0gm5eb8aq7o/notes?page=1&limit=20 => [200] OK
[GET] http://localhost:3000/api/conversations/cmmq0d4gu000wi0gmp8jkmz74/crm-context => [200] OK
[GET] http://localhost:3000/api/crm/pipelines => [200] OK
[GET] http://localhost:3000/api/messages?conversationId=cmmq0d4gu000wi0gmp8jkmz74&page=1&limit=30 => [200] OK
[GET] http://localhost:3000/api/realtime/ably/token?orgId=seed_org_alpha&rnd=043829376387363284 => [200] OK
[GET] http://localhost:3000/api/conversations?filter=UNASSIGNED&status=OPEN&page=1&limit=20 => [200] OK
[GET] http://localhost:3000/api/auth/profile => [200] OK
[GET] http://localhost:3000/api/orgs/members?orgId=seed_org_alpha => [200] OK
[GET] http://localhost:3000/api/orgs/business?orgId=seed_org_alpha => [200] OK
[GET] http://localhost:3000/api/auth/profile => [200] OK
[GET] http://localhost:3000/api/orgs/members?orgId=seed_org_alpha => [200] OK
[GET] http://localhost:3000/api/orgs/business?orgId=seed_org_alpha => [200] OK
[GET] http://localhost:3000/api/conversations?filter=UNASSIGNED&status=OPEN&page=1&limit=20 => [200] OK
[GET] http://localhost:3000/api/realtime/ably/token?orgId=seed_org_alpha&rnd=1764057972638754 => [200] OK
[GET] http://localhost:3000/api/conversations?filter=UNASSIGNED&status=OPEN&page=1&limit=20 => [200] OK
[GET] http://localhost:3000/api/realtime/ably/token?orgId=seed_org_alpha&rnd=9854629784386669 => [200] OK
[GET] http://localhost:3000/api/conversations?filter=UNASSIGNED&status=OPEN&page=1&limit=20 => [200] OK
[GET] http://localhost:3000/api/catalog?orgId=seed_org_alpha => [200] OK
[GET] http://localhost:3000/api/conversations?filter=UNASSIGNED&status=OPEN&page=1&limit=20 => [200] OK
[GET] http://localhost:3000/api/realtime/ably/token?orgId=seed_org_alpha&rnd=6630686334723082 => [200] OK
[GET] http://localhost:3000/api/conversations?filter=UNASSIGNED&status=OPEN&page=1&limit=20 => [200] OK
[GET] http://localhost:3000/api/conversations?filter=UNASSIGNED&status=OPEN&page=1&limit=20 => [200] OK
[GET] http://localhost:3000/api/realtime/ably/token?orgId=seed_org_alpha&rnd=8411415759797395 => [200] OK
[GET] http://localhost:3000/api/conversations?filter=UNASSIGNED&status=OPEN&page=1&limit=20 => [200] OK
[GET] http://localhost:3000/api/conversations?filter=UNASSIGNED&status=OPEN&page=1&limit=20 => [200] OK
[GET] http://localhost:3000/api/realtime/ably/token?orgId=seed_org_alpha&rnd=10152087497313389 => [200] OK
[GET] http://localhost:3000/api/conversations?filter=UNASSIGNED&status=OPEN&page=1&limit=20 => [200] OK
[GET] http://localhost:3000/api/conversations?filter=UNASSIGNED&status=OPEN&page=1&limit=20 => [200] OK
[GET] http://localhost:3000/api/realtime/ably/token?orgId=seed_org_alpha&rnd=7436536320653082 => [200] OK
[GET] http://localhost:3000/api/conversations?filter=UNASSIGNED&status=OPEN&page=1&limit=20 => [200] OK
[POST] http://localhost:3000/api/catalog => [201] Created
[GET] http://localhost:3000/api/catalog?orgId=seed_org_alpha => [200] OK
[GET] http://localhost:3000/api/conversations?filter=UNASSIGNED&status=OPEN&page=1&limit=20 => [200] OK
[GET] http://localhost:3000/api/realtime/ably/token?orgId=seed_org_alpha&rnd=3451852594666971 => [200] OK
[GET] http://localhost:3000/api/conversations?filter=UNASSIGNED&status=OPEN&page=1&limit=20 => [200] OK
[GET] http://localhost:3000/api/conversations?filter=UNASSIGNED&status=OPEN&page=1&limit=20 => [200] OK
[GET] http://localhost:3000/api/realtime/ably/token?orgId=seed_org_alpha&rnd=745255020733975 => [200] OK
[GET] http://localhost:3000/api/conversations?filter=UNASSIGNED&status=OPEN&page=1&limit=20 => [200] OK
[GET] http://localhost:3000/api/conversations?filter=UNASSIGNED&status=OPEN&page=1&limit=20 => [200] OK
[GET] http://localhost:3000/api/realtime/ably/token?orgId=seed_org_alpha&rnd=14192161394681035 => [200] OK
[GET] http://localhost:3000/api/conversations?filter=UNASSIGNED&status=OPEN&page=1&limit=20 => [200] OK
[GET] http://localhost:3000/api/conversations?filter=UNASSIGNED&status=OPEN&page=1&limit=20 => [200] OK
[POST] http://localhost:3000/api/invoices => [500] Internal Server Error
[GET] http://localhost:3000/api/realtime/ably/token?orgId=seed_org_alpha&rnd=9211778686095028 => [200] OK
[GET] http://localhost:3000/api/conversations?filter=UNASSIGNED&status=OPEN&page=1&limit=20 => [200] OK
[GET] http://localhost:3000/api/conversations?filter=UNASSIGNED&status=OPEN&page=1&limit=20 => [200] OK